<?xml version="1.0" encoding="UTF-8" ?>
<testsuite tests="5" failures="0" name="Kadir.runner.Runner" time="10.36" errors="0" skipped="0">
  <properties>
[...]
</properties>
  <testcase classname="User able to login" name="Login with Valid Credentials" time="5.107"/>
  <testcase classname="User able to login" name="Login with invalid userName case" time="0.848"/>
  <testcase classname="User able to login" name="Login with invalid password case" time="0.863"/>
  <testcase classname="User able to login" name="Login with invalid userName and invalid password" time="0.801"/>
  <testcase classname="validate Facilities tab" name="User navigates to Admin/Clinic/Facilities" time="2.386"/>
</testsuite>